# JRE version: OpenJDK Runtime Environment Temurin-11.0.14.1+1 (11.0.14.1+1) (build 11.0.14.1+1)
# Java VM: OpenJDK 64-Bit Server VM Temurin-11.0.14.1+1 (11.0.14.1+1, mixed mode, tiered, compressed oops, g1 gc, bsd-amd64)
Heap:
 garbage-first heap   total 131072K, used 19158K [0x0000000780000000, 0x0000000800000000)
  region size 1024K, 15 young (15360K), 4 survivors (4096K)
 Metaspace       used 23221K, capacity 24197K, committed 24448K, reserved 1071104K
  class space    used 2989K, capacity 3423K, committed 3456K, reserved 1048576K
GC Heap History (6 events):
Event: 1.151 GC heap before
{Heap before GC invocations=0 (full 0):
 garbage-first heap   total 131072K, used 14336K [0x0000000780000000, 0x0000000800000000)
  region size 1024K, 14 young (14336K), 0 survivors (0K)
 Metaspace       used 10255K, capacity 10577K, committed 11008K, reserved 1058816K
  class space    used 1033K, capacity 1170K, committed 1280K, reserved 1048576K
}
Event: 1.155 GC heap after
{Heap after GC invocations=1 (full 0):
 garbage-first heap   total 131072K, used 3025K [0x0000000780000000, 0x0000000800000000)
  region size 1024K, 2 young (2048K), 2 survivors (2048K)
 Metaspace       used 10255K, capacity 10577K, committed 11008K, reserved 1058816K
  class space    used 1033K, capacity 1170K, committed 1280K, reserved 1048576K
}
Event: 1.629 GC heap before
{Heap before GC invocations=1 (full 0):
 garbage-first heap   total 131072K, used 15313K [0x0000000780000000, 0x0000000800000000)
  region size 1024K, 14 young (14336K), 2 survivors (2048K)
 Metaspace       used 14489K, capacity 14932K, committed 15104K, reserved 1062912K
  class space    used 1565K, capacity 1754K, committed 1792K, reserved 1048576K
}
Event: 1.638 GC heap after
{Heap after GC invocations=2 (full 0):
 garbage-first heap   total 131072K, used 4885K [0x0000000780000000, 0x0000000800000000)
  region size 1024K, 2 young (2048K), 2 survivors (2048K)
 Metaspace       used 14489K, capacity 14932K, committed 15104K, reserved 1062912K
  class space    used 1565K, capacity 1754K, committed 1792K, reserved 1048576K
}
Event: 2.954 GC heap before
{Heap before GC invocations=2 (full 0):
 garbage-first heap   total 131072K, used 22293K [0x0000000780000000, 0x0000000800000000)
  region size 1024K, 20 young (20480K), 2 survivors (2048K)
 Metaspace       used 20509K, capacity 21295K, committed 21296K, reserved 1067008K
  class space    used 2595K, capacity 2943K, committed 2944K, reserved 1048576K
}
Event: 2.965 GC heap after
{Heap after GC invocations=3 (full 0):
 garbage-first heap   total 131072K, used 6870K [0x0000000780000000, 0x0000000800000000)
  region size 1024K, 4 young (4096K), 4 survivors (4096K)
 Metaspace       used 20509K, capacity 21295K, committed 21296K, reserved 1067008K
  class space    used 2595K, capacity 2943K, committed 2944K, reserved 1048576K
}

